<?xml version="1.0" encoding="UTF-8"?>
<testng-results ignored="4" total="5" passed="1" failed="0" skipped="0">
  <reporter-output>
  </reporter-output>
  <suite started-at="2023-09-03T13:35:39 IST" name="Default suite" finished-at="2023-09-03T13:35:52 IST" duration-ms="13495">
    <groups>
    </groups>
    <test started-at="2023-09-03T13:35:39 IST" name="Default test" finished-at="2023-09-03T13:35:52 IST" duration-ms="13495">
      <class name="API.Trello">
        <test-method signature="datadrivenapi()[pri:0, instance:API.Trello@342c38f8]" started-at="2023-09-03T13:35:39 IST" name="datadrivenapi" finished-at="2023-09-03T13:35:52 IST" duration-ms="13470" status="PASS">
          <reporter-output>
          </reporter-output>
        </test-method> <!-- datadrivenapi -->
      </class> <!-- API.Trello -->
    </test> <!-- Default test -->
  </suite> <!-- Default suite -->
</testng-results>
