-------------------------------------------------------------------------------
Test set: TestSuite
-------------------------------------------------------------------------------
Tests run: 1, Failures: 1, Errors: 0, Skipped: 0, Time elapsed: 0.237 s <<< FAILURE! - in TestSuite
API.Trello.datadrivenapi  Time elapsed: 0.003 s  <<< FAILURE!
java.io.FileNotFoundException: /Users/abhishek.mooly.con/Documents/workspace-spring-tool-suite-4-4.19.1.RELEASE/RESTAPI/data (1).xlsx (No such file or directory)
	at API.Trello.datadrivenapi(Trello.java:37)

