<?xml version="1.0" encoding="UTF-8"?>
<!-- Generated by org.testng.reporters.JUnitXMLReporter -->
<testsuite ignored="4" hostname="PP-XLP4VH7PFM" failures="1" tests="1" name="Test" time="0.016" errors="0" timestamp="2023-09-16T17:17:54 IST">
  <testcase classname="API.Trello" name="datadrivenapi" time="0.002">
    <failure type="java.io.FileNotFoundException" message="/Users/abhishek.mooly.con/Documents/workspace-spring-tool-suite-4-4.19.1.RELEASE/RESTAPI/data (1).xlsx (No such file or directory)">
      <![CDATA[java.io.FileNotFoundException: /Users/abhishek.mooly.con/Documents/workspace-spring-tool-suite-4-4.19.1.RELEASE/RESTAPI/data (1).xlsx (No such file or directory)
at java.base/java.io.FileInputStream.open0(Native Method)
at java.base/java.io.FileInputStream.open(FileInputStream.java:219)
at java.base/java.io.FileInputStream.<init>(FileInputStream.java:158)
at API.Trello.datadrivenapi(Trello.java:37)
at java.base/java.util.ArrayList.forEach(ArrayList.java:1511)
... Removed 29 stack frames]]>
    </failure>
  </testcase> <!-- datadrivenapi -->
  <testcase classname="API.Trello" name="Delete_a_Board" time="0.0">
    <ignored/>
  </testcase> <!-- Delete_a_Board -->
  <testcase classname="API.Trello" name="get_a_Board" time="0.0">
    <ignored/>
  </testcase> <!-- get_a_Board -->
  <testcase classname="API.Trello" name="create_a_board" time="0.0">
    <ignored/>
  </testcase> <!-- create_a_board -->
  <testcase classname="API.Trello" name="Update_a_Board" time="0.0">
    <ignored/>
  </testcase> <!-- Update_a_Board -->
</testsuite> <!-- Test -->
