<?xml version="1.0" encoding="UTF-8"?>
<!-- Generated by org.testng.reporters.JUnitXMLReporter -->
<testsuite ignored="4" hostname="PP-XLP4VH7PFM" failures="0" tests="1" name="Default test" time="13.495" errors="0" timestamp="2023-09-03T13:35:52 IST">
  <testcase classname="API.Trello" name="datadrivenapi" time="13.47"/>
  <testcase classname="API.Trello" name="create_a_board" time="0.0">
    <ignored/>
  </testcase> <!-- create_a_board -->
  <testcase classname="API.Trello" name="Delete_a_Board" time="0.0">
    <ignored/>
  </testcase> <!-- Delete_a_Board -->
  <testcase classname="API.Trello" name="Update_a_Board" time="0.0">
    <ignored/>
  </testcase> <!-- Update_a_Board -->
  <testcase classname="API.Trello" name="get_a_Board" time="0.0">
    <ignored/>
  </testcase> <!-- get_a_Board -->
</testsuite> <!-- Default test -->
